[+] Successfully loaded the configuration file finger.json
[+] JsUrlFinder is loaded
[+] ^_^            ^_^
[+] #####################################
[+] JsUrlFinder v2024-04-16
[+] Author: Shaun
[+] ####################################
[+] Please enjoy it!

[-] 已识别过URL，不进行重复识别： https://hm.baidu.com:443/hm.gif?hca=4A426BB602FABC78&cc=1&ck=1&cl=24-bit&ds=1920x1080&vl=891&ep=29729%2C158&et=10&ja=0&ln=zh-cn&lo=0&lt=1713316940&rnd=1632236084&si=6bcd52f51e9b3dce32bec4a3997715ac&v=1.3.0&lv=2&sn=55247&r=0&ww=1443&p=islogin*1*1!isonline*1*1!isvip*0*1!uid_*weixin_40576010*1!view_h_*891&u=https%3A%2F%2Fmp.csdn.net%2Fmp_blog%2Fcreation%2Fsuccess%2F137856126
[-] 已识别过URL，不进行重复识别： https://bizapi.csdn.net:443/im-manage/v1.0/dispatch/do
[-] 已识别过URL，不进行重复识别： https://bizapi.csdn.net:443/im-manage/v1.0/dispatch/do
[-] 已识别过URL，不进行重复识别： https://wkbrs1.tingyun.com:443/action?url=https%3A%2F%2Fwenku.csdn.net%2Fanswer%2F3hk0atht96&pvid=703dca50c7064f4aaeecc5180b4ef531&ref=https%3A%2F%2Fwenku.csdn.net%2Fanswer%2F3hk0atht96&referrer=&v=3.3.1-saas.2&av=3.3.1-saas.2&did=10_30739465070-1713316906750-596017&uid=weixin_40576010&sid=73d5ca8047ed47a78113eeea8a8ff1aa&__s=1713401886830&id=oxCR3HG3rnM&key=jcyC7WVM7Ho&token=8399f6662a2747fc872cacd390930886&sh=1080&sw=1920&ps=0&__r=1713402317679
[+] Successfully loaded the configuration file finger.json
[+] JsUrlFinder is loaded
[+] ^_^            ^_^
[+] #####################################
[+] JsUrlFinder v2024-04-16
[+] Author: Shaun
[+] ####################################
[+] Please enjoy it!

[+]静态文件，不进行url识别：https://www.cnblogs.com
[+]静态文件，不进行url识别：https://assets.cnblogs.com
[-] 已识别过URL，不进行重复识别： https://assets.cnblogs.com:443/icons/myblog.svg
[-] 已识别过URL，不进行重复识别： https://www.cnblogs.com:443/zhangliu/ajax/comments-block?postId=7016589&anchorCommentId=0&isDesc=false&order=NaN&loadCommentBox=true
[-] 已识别过URL，不进行重复识别： https://www.cnblogs.com:443/zhangliu/ajax/calendar?dateStr=
[-] 已识别过URL，不进行重复识别： https://www.cnblogs.com:443/zhangliu/ajax/news
[-] 已识别过URL，不进行重复识别： https://www.cnblogs.com:443/zhangliu/ajax/blog-stats
[-] 已识别过URL，不进行重复识别： https://www.cnblogs.com:443/zhangliu/ajax/widgets
[-] 已识别过URL，不进行重复识别： https://www.cnblogs.com:443/zhangliu/ajax/blog-accessories
[-] 已识别过URL，不进行重复识别： https://www.cnblogs.com:443/zhangliu/ajax/sideColumnAd?_=1713402325448
[+]静态文件，不进行url识别：https://img2024.cnblogs.com
[-] 已识别过URL，不进行重复识别： https://img2024.cnblogs.com:443/blog/35695/202403/35695-20240309100232478-706935978.jpg
[-] 已识别过URL，不进行重复识别： https://img2024.cnblogs.com:443/blog/35695/202401/35695-20240115080910898-1157541931.jpg
[-] 已识别过URL，不进行重复识别： https://a1.cnblogs.com:443/group/C3
[-] 已识别过URL，不进行重复识别： https://www.cnblogs.com:443/zhangliu/ajax/post-accessories?postId=7016589
[-] 已识别过URL，不进行重复识别： https://assets.cnblogs.com:443/images/upup.gif
[-] 已识别过URL，不进行重复识别： https://www.cnblogs.com:443/ajax/wechatshare/getconfig?url=https%3A%2F%2Fwww.cnblogs.com%2Fzhangliu%2Farticles%2F7016589.html
[+]静态文件，不进行url识别：https://img2023.cnblogs.com
[-] 已识别过URL，不进行重复识别： https://analytics.cnblogs.com:443/api/v1/reports
[-] 已识别过URL，不进行重复识别： https://analytics.cnblogs.com:443/api/v1/reports
[-] 已识别过URL，不进行重复识别： https://hm.baidu.com:443/hm.gif?hca=4A426BB602FABC78&cc=1&ck=1&cl=24-bit&ds=1920x1080&vl=891&ep=40702%2C2288&et=3&ja=0&ln=zh-cn&lo=0&lt=1713316940&rnd=795249513&si=6bcd52f51e9b3dce32bec4a3997715ac&v=1.3.0&lv=2&sn=55247&r=0&ww=1443&u=https%3A%2F%2Fwenku.csdn.net%2Fanswer%2F3hk0atht96
[-] 已识别过URL，不进行重复识别： https://hm.baidu.com:443/hm.gif?cc=1&ck=1&cl=24-bit&ds=1920x1080&vl=891&et=0&ja=0&ln=zh-cn&lo=0&lt=1713316940&rnd=1148195365&si=6bcd52f51e9b3dce32bec4a3997715ac&v=1.3.0&lv=2&api=1_0&sn=55288&r=0&ww=1443&p=islogin*1*1!isonline*1*1!isvip*0*1!uid_*weixin_40576010*1&u=https%3A%2F%2Fwenku.csdn.net%2Fanswer%2F3hk0atht96&tt=%E8%A7%A3%E5%86%B3burpsuite%E4%B8%AD%E6%96%87%E4%B9%B1%E7%A0%81%E7%9A%84%E9%97%AE%E9%A2%98%20-%20CSDN%E6%96%87%E5%BA%93
[-] 已识别过URL，不进行重复识别： https://hm.baidu.com:443/hm.gif?hca=4A426BB602FABC78&cc=1&ck=1&cl=24-bit&ds=1920x1080&vl=891&ep=40702%2C2288&et=3&ja=0&ln=zh-cn&lo=0&lt=1713316940&rnd=795249513&si=6bcd52f51e9b3dce32bec4a3997715ac&v=1.3.0&lv=2&sn=55247&r=0&ww=1443&u=https%3A%2F%2Fwenku.csdn.net%2Fanswer%2F3hk0atht96
[-] 已识别过URL，不进行重复识别： https://download.csdn.net:443/common/experiment/result?abTestIds=379
[-] 已识别过URL，不进行重复识别： https://download.csdn.net:443/common/tool/bar/menu/get
[-] 已识别过URL，不进行重复识别： https://download.csdn.net:443/common/experiment/result?abTestIds=316
[-] 已识别过URL，不进行重复识别： https://download.csdn.net:443/api/wk/v2/obtainUserVipInfo
[-] 已识别过URL，不进行重复识别： https://kunpeng.csdn.net:443/ad/json/list?positions=536,603,604,605,606,607
[-] 已识别过URL，不进行重复识别： https://msg.csdn.net:443/v1/im/abTest/isNewVersion
[+]静态文件，不进行url识别：https://arms-retcode.aliyuncs.com
[-] 已识别过URL，不进行重复识别： https://hm.baidu.com:443/hm.gif?hca=4A426BB602FABC78&cc=1&ck=1&cl=24-bit&ds=1920x1080&vl=891&ep=41448%2C1298&et=3&ja=0&ln=zh-cn&lo=0&lt=1713316940&rnd=1854459438&si=6bcd52f51e9b3dce32bec4a3997715ac&v=1.3.0&lv=2&sn=55247&r=0&ww=1443&u=https%3A%2F%2Fmp.csdn.net%2Fmp_blog%2Fcreation%2Fsuccess%2F137856126
[-] 已识别过URL，不进行重复识别： https://silkroad.csdn.net:443/api/v2/assemble/list/channel/search_hot_word?new_hot_flag=1&channel_name=pc_hot_word&size=20&user_name=weixin_40576010&platform=pc&imei=10_30739465070-1713316906750-596017
[-] 已识别过URL，不进行重复识别： https://silkroad.csdn.net:443/api/v2/assemble/list/channel/search_hot_word?new_hot_flag=1&channel_name=pc_hot_word&size=20&user_name=weixin_40576010&platform=pc&imei=10_30739465070-1713316906750-596017
[-] 已识别过URL，不进行重复识别： https://mp.csdn.net:443/mp_blog/creation/success/137856126
[-] 已识别过URL，不进行重复识别： https://kunpeng.csdn.net:443/ad/json/integrate/list?positions=932
[-] 已识别过URL，不进行重复识别： https://msg.csdn.net:443/v1/web/message/view/unread
[-] 已识别过URL，不进行重复识别： https://hm.baidu.com:443/hm.js?6bcd52f51e9b3dce32bec4a3997715ac
[-] 已识别过URL，不进行重复识别： https://silkroad.csdn.net:443/api/v2/assemble/list/channel/search_hot_word?new_hot_flag=1&channel_name=pc_hot_word&size=20&user_name=weixin_40576010&platform=pc&imei=10_30739465070-1713316906750-596017
[-] 已识别过URL，不进行重复识别： https://hm.baidu.com:443/hm.gif?hca=4A426BB602FABC78&cc=1&ck=1&cl=24-bit&ds=1920x1080&vl=891&ep=33190%2C0&et=3&ja=0&ln=zh-cn&lo=0&lt=1713316482&rnd=215879726&si=cc53db168808048541c6735ce30421f5&su=https%3A%2F%2Fwww.freebuf.com%2F&v=1.3.0&lv=2&sn=55255&r=0&ww=1443&u=https%3A%2F%2Fwww.freebuf.com%2F
[-] 已识别过URL，不进行重复识别： https://blog.csdn.net:443/phoenix/web/v1/get-latest-comment
[-] 已识别过URL，不进行重复识别： https://mp-activity.csdn.net:443/activity/report
[-] 已识别过URL，不进行重复识别： https://silkroad.csdn.net:443/api/v2/assemble/list/channel/search_hot_word?new_hot_flag=1&channel_name=pc_hot_word&size=20&user_name=weixin_40576010&platform=pc&imei=10_30739465070-1713316906750-596017
[-] 已识别过URL，不进行重复识别： https://kunpeng.csdn.net:443/ad/json/integrate/list?positions=932
[-] 已识别过URL，不进行重复识别： https://msg.csdn.net:443/v1/web/message/view/unread
[-] 已识别过URL，不进行重复识别： https://hm.baidu.com:443/hm.js?6bcd52f51e9b3dce32bec4a3997715ac
[-] 已识别过URL，不进行重复识别： https://msg.csdn.net:443/v1/im/abTest/isNewVersion
[-] 已识别过URL，不进行重复识别： https://blog.csdn.net:443/phoenix/web/v1/get-latest-comment
[-] 已识别过URL，不进行重复识别： https://bizapi.csdn.net:443/blog-console-api/v1/user/info
[-] 已识别过URL，不进行重复识别： https://hm.baidu.com:443/hm.gif?hca=4A426BB602FABC78&cc=1&ck=1&cl=24-bit&ds=1920x1080&vl=891&ep=41448%2C1298&et=3&ja=0&ln=zh-cn&lo=0&lt=1713316940&rnd=1854459438&si=6bcd52f51e9b3dce32bec4a3997715ac&v=1.3.0&lv=2&sn=55247&r=0&ww=1443&u=https%3A%2F%2Fmp.csdn.net%2Fmp_blog%2Fcreation%2Fsuccess%2F137856126
[-] 已识别过URL，不进行重复识别： https://hm.baidu.com:443/hm.gif?cc=1&ck=1&cl=24-bit&ds=1920x1080&vl=891&et=0&ja=0&ln=zh-cn&lo=0&lt=1713316940&rnd=32224966&si=6bcd52f51e9b3dce32bec4a3997715ac&v=1.3.0&lv=2&api=1_0&sn=55289&r=0&ww=1443&p=islogin*1*1!isonline*1*1!isvip*0*1!uid_*weixin_40576010*1&u=https%3A%2F%2Fmp.csdn.net%2Fmp_blog%2Fcreation%2Fsuccess%2F137856126&tt=CSDN
[-] 已识别过URL，不进行重复识别： https://mp-activity.csdn.net:443/activity/report
[-] 已识别过URL，不进行重复识别： https://g.csdnimg.cn:443/static/logo/favicon32.ico
[-] 已识别过URL，不进行重复识别： https://arms-retcode.aliyuncs.com:443/r.png?t=api&times=1&page=%5Bindex%5D&release=&environment=prod&begin=1713402329461&api=img-home.csdnimg.cn%2Fdata_json%2Fjsconfig%2Fmenu_path.json&success=1&time=8&code=200&msg=&traceId=&pv_id=2jlRLvgk4kCjqbi3Ca9ady7z7CqF&domain=mp.csdn.net&flag=1&sr=1920x1080&vp=1443x891&ct=4g&uid=10_30739465070-1713316906750-596017&sid=qFlw2vag38w46mu7gcnnr3q3yqRC&pid=dyiaei5ihw%406ac55c45dd489f7&_v=1.8.36-beta.1&username=weixin_40576010&sampling=2&dl=https%3A%2F%2Fmp.csdn.net%2Fmp_blog%2Fcreation%2Fsuccess%2F137856126&z=lv4jiae6&post_res=
[-] 已识别过URL，不进行重复识别： https://arms-retcode.aliyuncs.com:443/r.png?t=api&times=1&page=%5Bindex%5D&release=&environment=prod&begin=1713402329233&api=blog.csdn.net%2Fphoenix%2Fweb%2Fv1%2Fget-latest-comment&success=1&time=204&code=200&msg=success&traceId=&pv_id=2jlRLvgk4kCjqbi3Ca9ady7z7CqF&domain=mp.csdn.net&flag=1&sr=1920x1080&vp=1443x891&ct=4g&uid=10_30739465070-1713316906750-596017&sid=qFlw2vag38w46mu7gcnnr3q3yqRC&pid=dyiaei5ihw%406ac55c45dd489f7&_v=1.8.36-beta.1&username=weixin_40576010&sampling=2&dl=https%3A%2F%2Fmp.csdn.net%2Fmp_blog%2Fcreation%2Fsuccess%2F137856126&z=lv4jiae4&post_res=
[-] 已识别过URL，不进行重复识别： https://arms-retcode.aliyuncs.com:443/r.png?t=api&times=1&page=%5Bindex%5D&release=&environment=prod&begin=1713402329462&api=img-home.csdnimg.cn%2Fdata_json%2Fjsconfig%2Fsiderbar_path.json&success=1&time=10&code=200&msg=&traceId=&pv_id=2jlRLvgk4kCjqbi3Ca9ady7z7CqF&domain=mp.csdn.net&flag=1&sr=1920x1080&vp=1443x891&ct=4g&uid=10_30739465070-1713316906750-596017&sid=qFlw2vag38w46mu7gcnnr3q3yqRC&pid=dyiaei5ihw%406ac55c45dd489f7&_v=1.8.36-beta.1&username=weixin_40576010&sampling=2&dl=https%3A%2F%2Fmp.csdn.net%2Fmp_blog%2Fcreation%2Fsuccess%2F137856126&z=lv4jiae8&post_res=
[-] 已识别过URL，不进行重复识别： https://arms-retcode.aliyuncs.com:443/r.png?t=api&times=1&page=%5Bindex%5D&release=&environment=prod&begin=1713402329461&api=img-home.csdnimg.cn%2Fdata_json%2Fjsconfig%2Fmicro_path.json&success=1&time=9&code=200&msg=&traceId=&pv_id=2jlRLvgk4kCjqbi3Ca9ady7z7CqF&domain=mp.csdn.net&flag=1&sr=1920x1080&vp=1443x891&ct=4g&uid=10_30739465070-1713316906750-596017&sid=qFlw2vag38w46mu7gcnnr3q3yqRC&pid=dyiaei5ihw%406ac55c45dd489f7&_v=1.8.36-beta.1&username=weixin_40576010&sampling=2&dl=https%3A%2F%2Fmp.csdn.net%2Fmp_blog%2Fcreation%2Fsuccess%2F137856126&z=lv4jiae7&post_res=
[-] 已识别过URL，不进行重复识别： https://arms-retcode.aliyuncs.com:443/r.png?t=api&times=1&page=%5Bindex%5D&release=&environment=prod&begin=1713402329165&api=bizapi.csdn.net%2Fblog%2Fphoenix%2Fconsole%2Fv1%2Fuser%2Flist-permission&success=1&time=247&code=200&msg=success&traceId=&pv_id=2jlRLvgk4kCjqbi3Ca9ady7z7CqF&domain=mp.csdn.net&flag=1&sr=1920x1080&vp=1443x891&ct=4g&uid=10_30739465070-1713316906750-596017&sid=qFlw2vag38w46mu7gcnnr3q3yqRC&pid=dyiaei5ihw%406ac55c45dd489f7&_v=1.8.36-beta.1&username=weixin_40576010&sampling=2&dl=https%3A%2F%2Fmp.csdn.net%2Fmp_blog%2Fcreation%2Fsuccess%2F137856126&z=lv4jiae3&post_res=
[-] 已识别过URL，不进行重复识别： https://arms-retcode.aliyuncs.com:443/r.png?t=perf&times=1&page=mp.csdn.net%2Fmp_blog%2Fcreation%2Fsuccess%2F**&tag=&release=&environment=prod&begin=1713402328966&c1=mp_report&dns=0&tcp=0&ssl=0&ttfb=87&trans=1&dom=132&res=351&firstbyte=92&fpt=92&tti=224&ready=228&load=578&ct=4g&bandwidth=1.15&navtype=Reload&autoSend=true&sr=1920x1080&vp=1443x891&uid=10_30739465070-1713316906750-596017&sid=qFlw2vag38w46mu7gcnnr3q3yqRC&pid=dyiaei5ihw%406ac55c45dd489f7&_v=1.8.36-beta.1&pv_id=2jlRLvgk4kCjqbi3Ca9ady7z7CqF&username=weixin_40576010&sampling=2&z=lv4jiaed
[-] 已识别过URL，不进行重复识别： https://arms-retcode.aliyuncs.com:443/r.png?t=api&times=1&page=%5Bindex%5D&release=&environment=prod&begin=1713402329234&api=msg.csdn.net%2Fv1%2Fweb%2Fmessage%2Fview%2Funread&success=1&time=83&code=0&msg=success&traceId=&pv_id=2jlRLvgk4kCjqbi3Ca9ady7z7CqF&domain=mp.csdn.net&flag=1&sr=1920x1080&vp=1443x891&ct=4g&uid=10_30739465070-1713316906750-596017&sid=qFlw2vag38w46mu7gcnnr3q3yqRC&pid=dyiaei5ihw%406ac55c45dd489f7&_v=1.8.36-beta.1&username=weixin_40576010&sampling=2&dl=https%3A%2F%2Fmp.csdn.net%2Fmp_blog%2Fcreation%2Fsuccess%2F137856126&z=lv4jiae1&post_res=
[-] 已识别过URL，不进行重复识别： https://arms-retcode.aliyuncs.com:443/r.png?t=pv&times=1&page=%5Bindex%5D&tag=&release=&environment=prod&begin=1713402329538&c1=mp_report&uid=10_30739465070-1713316906750-596017&dt=CSDN&dr=&dpr=1.00&de=utf-8&ul=&sr=1920x1080&vp=1443x891&ct=4g&sid=qFlw2vag38w46mu7gcnnr3q3yqRC&pid=dyiaei5ihw%406ac55c45dd489f7&_v=1.8.36-beta.1&pv_id=2jlRLvgk4kCjqbi3Ca9ady7z7CqF&username=weixin_40576010&sampling=1&dl=https%3A%2F%2Fmp.csdn.net%2Fmp_blog%2Fcreation%2Fsuccess%2F137856126&z=lv4jiaec
[-] 已识别过URL，不进行重复识别： https://arms-retcode.aliyuncs.com:443/r.png?t=api&times=1&page=%5Bindex%5D&release=&environment=prod&begin=1713402329322&api=msg.csdn.net%2Fv1%2Fim%2FabTest%2FisNewVersion&success=1&time=79&code=200&msg=&traceId=&pv_id=2jlRLvgk4kCjqbi3Ca9ady7z7CqF&domain=mp.csdn.net&flag=1&sr=1920x1080&vp=1443x891&ct=4g&uid=10_30739465070-1713316906750-596017&sid=qFlw2vag38w46mu7gcnnr3q3yqRC&pid=dyiaei5ihw%406ac55c45dd489f7&_v=1.8.36-beta.1&username=weixin_40576010&sampling=2&dl=https%3A%2F%2Fmp.csdn.net%2Fmp_blog%2Fcreation%2Fsuccess%2F137856126&z=lv4jiae2&post_res=
[-] 已识别过URL，不进行重复识别： https://arms-retcode.aliyuncs.com:443/r.png?t=api&times=1&page=%5Bindex%5D&release=&environment=prod&begin=1713402329464&api=img-home.csdnimg.cn%2Fdata_json%2Fjsconfig%2Fmp_version.json&success=1&time=67&code=200&msg=&traceId=&pv_id=2jlRLvgk4kCjqbi3Ca9ady7z7CqF&domain=mp.csdn.net&flag=1&sr=1920x1080&vp=1443x891&ct=4g&uid=10_30739465070-1713316906750-596017&sid=qFlw2vag38w46mu7gcnnr3q3yqRC&pid=dyiaei5ihw%406ac55c45dd489f7&_v=1.8.36-beta.1&username=weixin_40576010&sampling=2&dl=https%3A%2F%2Fmp.csdn.net%2Fmp_blog%2Fcreation%2Fsuccess%2F137856126&z=lv4jiaea&post_res=
[-] 已识别过URL，不进行重复识别： https://arms-retcode.aliyuncs.com:443/r.png?t=api&times=1&page=%5Bindex%5D&release=&environment=prod&begin=1713402329167&api=bizapi.csdn.net%2Fblog-console-api%2Fv1%2Fuser%2Finfo&success=1&time=285&code=200&msg=success&traceId=&pv_id=2jlRLvgk4kCjqbi3Ca9ady7z7CqF&domain=mp.csdn.net&flag=1&sr=1920x1080&vp=1443x891&ct=4g&uid=10_30739465070-1713316906750-596017&sid=qFlw2vag38w46mu7gcnnr3q3yqRC&pid=dyiaei5ihw%406ac55c45dd489f7&_v=1.8.36-beta.1&username=weixin_40576010&sampling=2&dl=https%3A%2F%2Fmp.csdn.net%2Fmp_blog%2Fcreation%2Fsuccess%2F137856126&z=lv4jiae5&post_res=
[-] 已识别过URL，不进行重复识别： https://arms-retcode.aliyuncs.com:443/r.png?t=api&times=1&page=%5Bindex%5D&release=&environment=prod&begin=1713402329463&api=img-home.csdnimg.cn%2Fdata_json%2Fjsconfig%2Fpub_btn_path.json&success=1&time=15&code=200&msg=&traceId=&pv_id=2jlRLvgk4kCjqbi3Ca9ady7z7CqF&domain=mp.csdn.net&flag=1&sr=1920x1080&vp=1443x891&ct=4g&uid=10_30739465070-1713316906750-596017&sid=qFlw2vag38w46mu7gcnnr3q3yqRC&pid=dyiaei5ihw%406ac55c45dd489f7&_v=1.8.36-beta.1&username=weixin_40576010&sampling=2&dl=https%3A%2F%2Fmp.csdn.net%2Fmp_blog%2Fcreation%2Fsuccess%2F137856126&z=lv4jiae9&post_res=
[-] 已识别过URL，不进行重复识别： https://arms-retcode.aliyuncs.com:443/r.png?t=api&times=1&page=%5Bindex%5D&release=&environment=prod&begin=1713402329230&api=kunpeng.csdn.net%2Fad%2Fjson%2Fintegrate%2Flist&success=1&time=71&code=400501&msg=no%20found%20ad&traceId=&pv_id=2jlRLvgk4kCjqbi3Ca9ady7z7CqF&domain=mp.csdn.net&flag=1&sr=1920x1080&vp=1443x891&ct=4g&uid=10_30739465070-1713316906750-596017&sid=qFlw2vag38w46mu7gcnnr3q3yqRC&pid=dyiaei5ihw%406ac55c45dd489f7&_v=1.8.36-beta.1&username=weixin_40576010&sampling=2&dl=https%3A%2F%2Fmp.csdn.net%2Fmp_blog%2Fcreation%2Fsuccess%2F137856126&z=lv4jiae0&post_res=
[-] 已识别过URL，不进行重复识别： https://arms-retcode.aliyuncs.com:443/r.png?t=api&times=1&page=%5Bindex%5D&release=&environment=prod&begin=1713402329215&api=silkroad.csdn.net%2Fapi%2Fv2%2Fassemble%2Flist%2Fchannel%2Fsearch_hot_word&success=1&time=73&code=200&msg=success&traceId=&pv_id=2jlRLvgk4kCjqbi3Ca9ady7z7CqF&domain=mp.csdn.net&flag=1&sr=1920x1080&vp=1443x891&ct=4g&uid=10_30739465070-1713316906750-596017&sid=qFlw2vag38w46mu7gcnnr3q3yqRC&pid=dyiaei5ihw%406ac55c45dd489f7&_v=1.8.36-beta.1&username=weixin_40576010&sampling=2&dl=https%3A%2F%2Fmp.csdn.net%2Fmp_blog%2Fcreation%2Fsuccess%2F137856126&z=lv4jiadz&post_res=
[-] 已识别过URL，不进行重复识别： https://arms-retcode.aliyuncs.com:443/r.png?t=api&times=1&page=%5Bindex%5D&release=&environment=prod&begin=1713402329218&api=mp-activity.csdn.net%2Factivity%2Freport&success=1&time=315&code=200&msg=%E8%AF%B7%E6%B1%82%E6%88%90%E5%8A%9F&traceId=&pv_id=2jlRLvgk4kCjqbi3Ca9ady7z7CqF&domain=mp.csdn.net&flag=1&sr=1920x1080&vp=1443x891&ct=4g&uid=10_30739465070-1713316906750-596017&sid=qFlw2vag38w46mu7gcnnr3q3yqRC&pid=dyiaei5ihw%406ac55c45dd489f7&_v=1.8.36-beta.1&username=weixin_40576010&sampling=2&dl=https%3A%2F%2Fmp.csdn.net%2Fmp_blog%2Fcreation%2Fsuccess%2F137856126&z=lv4jiaeb&post_res=
[-] 已识别过URL，不进行重复识别： https://arms-retcode.aliyuncs.com:443/r.png?t=api&times=1&page=%5Bindex%5D&release=&environment=prod&begin=1713402329180&api=img-home.csdnimg.cn%2Fdata_json%2Ftoolbar%2Ftoolbar**.json&success=1&time=16&code=200&msg=&traceId=&pv_id=2jlRLvgk4kCjqbi3Ca9ady7z7CqF&domain=mp.csdn.net&flag=1&sr=1920x1080&vp=1443x891&ct=4g&uid=10_30739465070-1713316906750-596017&sid=qFlw2vag38w46mu7gcnnr3q3yqRC&pid=dyiaei5ihw%406ac55c45dd489f7&_v=1.8.36-beta.1&username=weixin_40576010&sampling=2&dl=https%3A%2F%2Fmp.csdn.net%2Fmp_blog%2Fcreation%2Fsuccess%2F137856126&z=lv4jiady&post_res=
[-] 已识别过URL，不进行重复识别： https://mp-blog.csdn.net:443/mp_blog/css/chunk-vendors.71a233fb.css
[-] 已识别过URL，不进行重复识别： https://mp-blog.csdn.net:443/mp_blog/css/app.d5cd014b.css
[-] 已识别过URL，不进行重复识别： https://arms-retcode.aliyuncs.com:443/r.png?t=api&times=1&page=%5Bindex%5D&release=&environment=prod&begin=1713402329531&api=mp-blog.csdn.net&success=1&time=453&code=200&msg=&traceId=&pv_id=2jlRLvgk4kCjqbi3Ca9ady7z7CqF&domain=mp.csdn.net&flag=1&sr=1920x1080&vp=1443x891&ct=4g&uid=10_30739465070-1713316906750-596017&sid=qFlw2vag38w46mu7gcnnr3q3yqRC&pid=dyiaei5ihw%406ac55c45dd489f7&_v=1.8.36-beta.1&username=weixin_40576010&sampling=2&dl=https%3A%2F%2Fmp.csdn.net%2Fmp_blog%2Fcreation%2Fsuccess%2F137856126&z=lv4jiaee&post_res=
[-] 已识别过URL，不进行重复识别： https://arms-retcode.aliyuncs.com:443/r.png?t=api&times=1&page=%5Bindex%5D&release=&environment=prod&begin=1713402330005&api=mp-blog.csdn.net%2Fmp_blog%2Fcss%2Fchunk-vendors.71a233fb.css&success=1&time=71&code=200&msg=&traceId=&pv_id=2jlRLvgk4kCjqbi3Ca9ady7z7CqF&domain=mp.csdn.net&flag=1&sr=1920x1080&vp=1443x891&ct=4g&uid=10_30739465070-1713316906750-596017&sid=qFlw2vag38w46mu7gcnnr3q3yqRC&pid=dyiaei5ihw%406ac55c45dd489f7&_v=1.8.36-beta.1&username=weixin_40576010&sampling=2&dl=https%3A%2F%2Fmp.csdn.net%2Fmp_blog%2Fcreation%2Fsuccess%2F137856126&z=lv4jiaef&post_res=
[-] 已识别过URL，不进行重复识别： https://mp-blog.csdn.net:443/mp_blog/js/aliyun-oss-sdk-6.13.0.min.js
[-] 已识别过URL，不进行重复识别： https://mp-blog.csdn.net:443/mp_blog/js/app.2aa689c9.js
[-] 已识别过URL，不进行重复识别： https://mp-blog.csdn.net:443/mp_blog/js/chunk-vendors.6f3fb87d.js
[-] 已识别过URL，不进行重复识别： https://mp-blog.csdn.net:443/mp_blog/js/aliyun-upload-sdk-1.5.2.min.js
[-] 已识别过URL，不进行重复识别： https://mp-blog.csdn.net:443/mp_blog/js/es6-promise.min.js
[-] 已识别过URL，不进行重复识别： https://arms-retcode.aliyuncs.com:443/r.png?t=api&times=1&page=%5Bindex%5D&release=&environment=prod&begin=1713402330006&api=mp-blog.csdn.net%2Fmp_blog%2Fcss%2Fapp.d5cd014b.css&success=1&time=74&code=200&msg=&traceId=&pv_id=2jlRLvgk4kCjqbi3Ca9ady7z7CqF&domain=mp.csdn.net&flag=1&sr=1920x1080&vp=1443x891&ct=4g&uid=10_30739465070-1713316906750-596017&sid=qFlw2vag38w46mu7gcnnr3q3yqRC&pid=dyiaei5ihw%406ac55c45dd489f7&_v=1.8.36-beta.1&username=weixin_40576010&sampling=2&dl=https%3A%2F%2Fmp.csdn.net%2Fmp_blog%2Fcreation%2Fsuccess%2F137856126&z=lv4jiaeg&post_res=
[-] 已识别过URL，不进行重复识别： https://mp-blog.csdn.net:443/mp_blog/fonts/element-icons.535877f5.woff
[-] 已识别过URL，不进行重复识别： https://eva2.csdn.net:443/v3/06981375190026432f77c01bfca33e32/lts/groups/dadde766-b087-42da-8e67-d2499a520ee7/streams/ea448b34-0491-4546-87aa-059120b54c53/logs
[-] 已识别过URL，不进行重复识别： https://wkbrs1.tingyun.com:443/action?url=https%3A%2F%2Fwenku.csdn.net%2Fanswer%2F3hk0atht96&pvid=0ff65310d65d440ca1a9653c80233a63&ref=https%3A%2F%2Fwenku.csdn.net%2Fanswer%2F3hk0atht96&referrer=&v=3.3.1-saas.2&av=3.3.1-saas.2&did=10_30739465070-1713316906750-596017&uid=weixin_40576010&sid=73d5ca8047ed47a78113eeea8a8ff1aa&__s=1713401886830&id=oxCR3HG3rnM&key=jcyC7WVM7Ho&token=8399f6662a2747fc872cacd390930886&sh=1080&sw=1920&ps=0&__r=1713402330412
[-] 已识别过URL，不进行重复识别： https://bizapi.csdn.net:443/blog-console-api/v1/user/info
[-] 已识别过URL，不进行重复识别： https://arms-retcode.aliyuncs.com:443/r.png?t=api&times=1&page=%5Bindex%5D&release=v1.15.3&environment=prod&begin=1713402330462&api=bizapi.csdn.net%2Fblog-console-api%2Fv1%2Fuser%2Finfo&success=1&time=142&code=200&msg=success&traceId=&pv_id=2jlRLvgk4kCjqbi3Ca9ady7z7CqF&domain=mp.csdn.net&flag=1&sr=1920x1080&vp=1443x891&ct=4g&uid=10_30739465070-1713316906750-596017&sid=qFlw2vag38w46mu7gcnnr3q3yqRC&pid=dyiaei5ihw%406ac55c45dd489f7&_v=1.8.36-beta.1&username=weixin_40576010&sampling=2&dl=https%3A%2F%2Fmp.csdn.net%2Fmp_blog%2Fcreation%2Fsuccess%2F137856126&z=lv4jiaeh&post_res=
[-] 已识别过URL，不进行重复识别： https://mp-blog.csdn.net:443/mp_blog/css/chunk-802f7b28.7e1344da.css
[-] 已识别过URL，不进行重复识别： https://mp-blog.csdn.net:443/mp_blog/css/chunk-55dad288.90a0db18.css
[-] 已识别过URL，不进行重复识别： https://mp-blog.csdn.net:443/mp_blog/js/chunk-802f7b28.ebc5b361.js
[-] 已识别过URL，不进行重复识别： https://mp-blog.csdn.net:443/mp_blog/js/chunk-55dad288.7dd8556a.js
[-] 已识别过URL，不进行重复识别： https://mp-blog.csdn.net:443/mp_blog/img/back.ae64b651.png
[-] 已识别过URL，不进行重复识别： https://mp-blog.csdn.net:443/mp_blog/img/success-title.3c0f984f.png
[-] 已识别过URL，不进行重复识别： https://mp-blog.csdn.net:443/mp_blog/img/success-bg.4fb05392.png
[-] 已识别过URL，不进行重复识别： https://bizapi.csdn.net:443/blog/phoenix/console/v1/article/get-novice-period-info
[-] 已识别过URL，不进行重复识别： https://bizapi.csdn.net:443/blog/phoenix/console/v1/article/get-basic-info?articleId=137856126
[-] 已识别过URL，不进行重复识别： https://bizapi.csdn.net:443/blog/phoenix/console/v1/article/article-poster
[-] 已识别过URL，不进行重复识别： https://bizapi.csdn.net:443/blog-console-api/v1/activity/getIndexList
[-] 已识别过URL，不进行重复识别： https://arms-retcode.aliyuncs.com:443/r.png?t=api&times=1&page=%5Bindex%5D&release=v1.15.3&environment=prod&begin=1713402331103&api=img-home.csdnimg.cn%2Fdata_json%2Fjsconfig%2Fblog_question.json&success=1&time=69&code=200&msg=&traceId=&pv_id=2jlRLvgk4kCjqbi3Ca9ady7z7CqF&domain=mp.csdn.net&flag=1&sr=1920x1080&vp=1443x891&ct=4g&uid=10_30739465070-1713316906750-596017&sid=qFlw2vag38w46mu7gcnnr3q3yqRC&pid=dyiaei5ihw%406ac55c45dd489f7&_v=1.8.36-beta.1&username=weixin_40576010&sampling=2&dl=https%3A%2F%2Fmp.csdn.net%2Fmp_blog%2Fcreation%2Fsuccess%2F137856126&z=lv4jiaei&post_res=
[-] 已识别过URL，不进行重复识别： https://arms-retcode.aliyuncs.com:443/r.png?t=api&times=1&page=%5Bindex%5D&release=v1.15.3&environment=prod&begin=1713402330479&api=mp-download.csdn.net&success=1&time=709&code=200&msg=&traceId=&pv_id=2jlRLvgk4kCjqbi3Ca9ady7z7CqF&domain=mp.csdn.net&flag=1&sr=1920x1080&vp=1443x891&ct=4g&uid=10_30739465070-1713316906750-596017&sid=qFlw2vag38w46mu7gcnnr3q3yqRC&pid=dyiaei5ihw%406ac55c45dd489f7&_v=1.8.36-beta.1&username=weixin_40576010&sampling=2&dl=https%3A%2F%2Fmp.csdn.net%2Fmp_blog%2Fcreation%2Fsuccess%2F137856126&z=lv4jiaek&post_res=
[-] 已识别过URL，不进行重复识别： https://arms-retcode.aliyuncs.com:443/r.png?t=api&times=1&page=%5Bindex%5D&release=v1.15.3&environment=prod&begin=1713402331114&api=bizapi.csdn.net%2Fblog%2Fphoenix%2Fconsole%2Fv1%2Farticle%2Fget-novice-period-info&success=1&time=90&code=200&msg=success&traceId=&pv_id=2jlRLvgk4kCjqbi3Ca9ady7z7CqF&domain=mp.csdn.net&flag=1&sr=1920x1080&vp=1443x891&ct=4g&uid=10_30739465070-1713316906750-596017&sid=qFlw2vag38w46mu7gcnnr3q3yqRC&pid=dyiaei5ihw%406ac55c45dd489f7&_v=1.8.36-beta.1&username=weixin_40576010&sampling=2&dl=https%3A%2F%2Fmp.csdn.net%2Fmp_blog%2Fcreation%2Fsuccess%2F137856126&z=lv4jiael&post_res=
[-] 已识别过URL，不进行重复识别： https://arms-retcode.aliyuncs.com:443/r.png?t=api&times=1&page=%5Bindex%5D&release=v1.15.3&environment=prod&begin=1713402330479&api=mp-others.csdn.net&success=1&time=708&code=200&msg=&traceId=&pv_id=2jlRLvgk4kCjqbi3Ca9ady7z7CqF&domain=mp.csdn.net&flag=1&sr=1920x1080&vp=1443x891&ct=4g&uid=10_30739465070-1713316906750-596017&sid=qFlw2vag38w46mu7gcnnr3q3yqRC&pid=dyiaei5ihw%406ac55c45dd489f7&_v=1.8.36-beta.1&username=weixin_40576010&sampling=2&dl=https%3A%2F%2Fmp.csdn.net%2Fmp_blog%2Fcreation%2Fsuccess%2F137856126&z=lv4jiaej&post_res=
[-] 已识别过URL，不进行重复识别： https://arms-retcode.aliyuncs.com:443/r.png?t=api&times=1&page=%5Bindex%5D&release=v1.15.3&environment=prod&begin=1713402331116&api=bizapi.csdn.net%2Fblog%2Fphoenix%2Fconsole%2Fv1%2Farticle%2Fget-basic-info&success=1&time=109&code=200&msg=success&traceId=&pv_id=2jlRLvgk4kCjqbi3Ca9ady7z7CqF&domain=mp.csdn.net&flag=1&sr=1920x1080&vp=1443x891&ct=4g&uid=10_30739465070-1713316906750-596017&sid=qFlw2vag38w46mu7gcnnr3q3yqRC&pid=dyiaei5ihw%406ac55c45dd489f7&_v=1.8.36-beta.1&username=weixin_40576010&sampling=2&dl=https%3A%2F%2Fmp.csdn.net%2Fmp_blog%2Fcreation%2Fsuccess%2F137856126&z=lv4jiaem&post_res=
[-] 已识别过URL，不进行重复识别： https://mp-others.csdn.net:443/mp_others/css/app.d446ca02.css
[-] 已识别过URL，不进行重复识别： https://mp-blog.csdn.net:443/mp_blog/img/success-qq.d4136f03.png
[-] 已识别过URL，不进行重复识别： https://mp-blog.csdn.net:443/mp_blog/img/success-weixin.36932211.png
[-] 已识别过URL，不进行重复识别： https://mp-download.csdn.net:443/mp_download/css/app.c7f60f46.css
[-] 已识别过URL，不进行重复识别： https://arms-retcode.aliyuncs.com:443/r.png?t=api&times=1&page=%5Bindex%5D&release=v1.15.3&environment=prod&begin=1713402331118&api=bizapi.csdn.net%2Fblog%2Fphoenix%2Fconsole%2Fv1%2Farticle%2Farticle-poster&success=1&time=252&code=200&msg=success&traceId=&pv_id=2jlRLvgk4kCjqbi3Ca9ady7z7CqF&domain=mp.csdn.net&flag=1&sr=1920x1080&vp=1443x891&ct=4g&uid=10_30739465070-1713316906750-596017&sid=qFlw2vag38w46mu7gcnnr3q3yqRC&pid=dyiaei5ihw%406ac55c45dd489f7&_v=1.8.36-beta.1&username=weixin_40576010&sampling=2&dl=https%3A%2F%2Fmp.csdn.net%2Fmp_blog%2Fcreation%2Fsuccess%2F137856126&z=lv4jiaen&post_res=
[-] 已识别过URL，不进行重复识别： https://mp-blog.csdn.net:443/mp_blog/img/success-link.8dcad6ee.png
[-] 已识别过URL，不进行重复识别： https://mp-blog.csdn.net:443/mp_blog/img/success-more.6508f0a5.png
[-] 已识别过URL，不进行重复识别： https://arms-retcode.aliyuncs.com:443/r.png?t=api&times=1&page=%5Bindex%5D&release=v1.15.3&environment=prod&begin=1713402331117&api=bizapi.csdn.net%2Fblog-console-api%2Fv1%2Factivity%2FgetIndexList&success=1&time=259&code=200&msg=success&traceId=&pv_id=2jlRLvgk4kCjqbi3Ca9ady7z7CqF&domain=mp.csdn.net&flag=1&sr=1920x1080&vp=1443x891&ct=4g&uid=10_30739465070-1713316906750-596017&sid=qFlw2vag38w46mu7gcnnr3q3yqRC&pid=dyiaei5ihw%406ac55c45dd489f7&_v=1.8.36-beta.1&username=weixin_40576010&sampling=2&dl=https%3A%2F%2Fmp.csdn.net%2Fmp_blog%2Fcreation%2Fsuccess%2F137856126&z=lv4jiaeo&post_res=
[-] 已识别过URL，不进行重复识别： https://mp-blog.csdn.net:443/mp_blog/img/success-poster.8228d6e5.png
[-] 已识别过URL，不进行重复识别： https://mp-others.csdn.net:443/mp_others/js/chunk-vendors.f551c720.js
[-] 已识别过URL，不进行重复识别： https://mp-others.csdn.net:443/mp_others/js/app.9d5a01f5.js
[-] 已识别过URL，不进行重复识别： https://arms-retcode.aliyuncs.com:443/r.png?t=api&times=1&page=%5Bindex%5D&release=v1.15.3&environment=prod&begin=1713402331201&api=mp-download.csdn.net%2Fmp_download%2Fcss%2Fapp.c7f60f46.css&success=1&time=180&code=200&msg=&traceId=&pv_id=2jlRLvgk4kCjqbi3Ca9ady7z7CqF&domain=mp.csdn.net&flag=1&sr=1920x1080&vp=1443x891&ct=4g&uid=10_30739465070-1713316906750-596017&sid=qFlw2vag38w46mu7gcnnr3q3yqRC&pid=dyiaei5ihw%406ac55c45dd489f7&_v=1.8.36-beta.1&username=weixin_40576010&sampling=2&dl=https%3A%2F%2Fmp.csdn.net%2Fmp_blog%2Fcreation%2Fsuccess%2F137856126&z=lv4jiaeq&post_res=
[-] 已识别过URL，不进行重复识别： https://arms-retcode.aliyuncs.com:443/r.png?t=api&times=1&page=%5Bindex%5D&release=v1.15.3&environment=prod&begin=1713402331197&api=mp-others.csdn.net%2Fmp_others%2Fcss%2Fapp.d446ca02.css&success=1&time=183&code=200&msg=&traceId=&pv_id=2jlRLvgk4kCjqbi3Ca9ady7z7CqF&domain=mp.csdn.net&flag=1&sr=1920x1080&vp=1443x891&ct=4g&uid=10_30739465070-1713316906750-596017&sid=qFlw2vag38w46mu7gcnnr3q3yqRC&pid=dyiaei5ihw%406ac55c45dd489f7&_v=1.8.36-beta.1&username=weixin_40576010&sampling=2&dl=https%3A%2F%2Fmp.csdn.net%2Fmp_blog%2Fcreation%2Fsuccess%2F137856126&z=lv4jiaep&post_res=
[-] 已识别过URL，不进行重复识别： https://mp-download.csdn.net:443/mp_download/js/app.ec591709.js
[-] 已识别过URL，不进行重复识别： https://mp-blog.csdn.net:443/mp_blog/img/Phone-bill.27bdcc63.png
[-] 已识别过URL，不进行重复识别： https://eva2.csdn.net:443/v3/06981375190026432f77c01bfca33e32/lts/groups/dadde766-b087-42da-8e67-d2499a520ee7/streams/5da0dae3-481b-478b-92ca-3caa293e4a29/logs
[-] 已识别过URL，不进行重复识别： https://mp-blog.csdn.net:443/mp_blog/img/success-fans.a2eb65d1.png
[-] 已识别过URL，不进行重复识别： https://mp-download.csdn.net:443/mp_download/js/chunk-vendors.3139847f.js
[-] 已识别过URL，不进行重复识别： https://mp-blog.csdn.net:443/mp_blog/img/success-weibo.31c8a0af.png
[-] 已识别过URL，不进行重复识别： https://eva2.csdn.net:443/v3/06981375190026432f77c01bfca33e32/lts/groups/dadde766-b087-42da-8e67-d2499a520ee7/streams/ea448b34-0491-4546-87aa-059120b54c53/logs
[-] 已识别过URL，不进行重复识别： https://hm.baidu.com:443/hm.gif?hca=4A426BB602FABC78&cc=1&ck=1&cl=24-bit&ds=1920x1080&vl=891&ep=4133%2C1&et=10&ja=0&ln=zh-cn&lo=0&lt=1713316940&rnd=1081815265&si=6bcd52f51e9b3dce32bec4a3997715ac&v=1.3.0&lv=2&sn=55288&r=0&ww=1443&p=islogin*1*1!isonline*1*1!isvip*0*1!uid_*weixin_40576010*1!view_h_*891&u=https%3A%2F%2Fwenku.csdn.net%2Fanswer%2F3hk0atht96
[-] 已识别过URL，不进行重复识别： https://hm.baidu.com:443/hm.gif?hca=4A426BB602FABC78&cc=1&ck=1&cl=24-bit&ds=1920x1080&vl=891&ep=3798%2C33&et=10&ja=0&ln=zh-cn&lo=0&lt=1713316940&rnd=1664000446&si=6bcd52f51e9b3dce32bec4a3997715ac&v=1.3.0&lv=2&sn=55289&r=0&ww=1443&p=islogin*1*1!isonline*1*1!isvip*0*1!uid_*weixin_40576010*1!view_h_*891&u=https%3A%2F%2Fmp.csdn.net%2Fmp_blog%2Fcreation%2Fsuccess%2F137856126
[-] 已识别过URL，不进行重复识别： https://eva2.csdn.net:443/v3/06981375190026432f77c01bfca33e32/lts/groups/dadde766-b087-42da-8e67-d2499a520ee7/streams/ea448b34-0491-4546-87aa-059120b54c53/logs
[-] 已识别过URL，不进行重复识别： https://hm.baidu.com:443/hm.gif?hca=4A426BB602FABC78&cc=1&ck=1&cl=24-bit&ds=1920x1080&vl=891&ep=40794%2C852&et=3&ja=0&ln=zh-cn&lo=0&lt=1713316482&rnd=523709381&si=cc53db168808048541c6735ce30421f5&su=https%3A%2F%2Fwww.freebuf.com%2Fnewsend%2F398176&v=1.3.0&lv=2&sn=55254&r=0&ww=1443&u=https%3A%2F%2Fwww.freebuf.com%2Fnewsend%2F398176
[-] 已识别过URL，不进行重复识别： https://hm.baidu.com:443/hm.js?cc53db168808048541c6735ce30421f5
[-] 已识别过URL，不进行重复识别： https://www.freebuf.com:443/images/xcx-code.png
[-] 已识别过URL，不进行重复识别： https://www.freebuf.com:443/images/logo_b.png
[-] 已识别过URL，不进行重复识别： https://hm.baidu.com:443/hm.gif?cc=1&ck=1&cl=24-bit&ds=1920x1080&vl=891&et=0&ja=0&ln=zh-cn&lo=0&lt=1713316482&rnd=473413847&si=cc53db168808048541c6735ce30421f5&su=https%3A%2F%2Fwww.freebuf.com%2Fnewsend%2F398176&v=1.3.0&lv=2&api=1_0&sn=55295&r=0&ww=1443&u=https%3A%2F%2Fwww.freebuf.com%2Fnewsend%2F398176&tt=%E6%96%87%E7%AB%A0%E6%8F%90%E4%BA%A4%E6%88%90%E5%8A%9F%20-%20FreeBuf%E7%BD%91%E7%BB%9C%E5%AE%89%E5%85%A8%E8%A1%8C%E4%B8%9A%E9%97%A8%E6%88%B7
[-] 已识别过URL，不进行重复识别： https://hm.baidu.com:443/hm.gif?hca=4A426BB602FABC78&cc=1&ck=1&cl=24-bit&ds=1920x1080&vl=891&ep=40794%2C852&et=3&ja=0&ln=zh-cn&lo=0&lt=1713316482&rnd=523709381&si=cc53db168808048541c6735ce30421f5&su=https%3A%2F%2Fwww.freebuf.com%2Fnewsend%2F398176&v=1.3.0&lv=2&sn=55254&r=0&ww=1443&u=https%3A%2F%2Fwww.freebuf.com%2Fnewsend%2F398176
[-] 已识别过URL，不进行重复识别： https://www.freebuf.com:443/images/logo-f.png
[-] 已识别过URL，不进行重复识别： https://www.freebuf.com:443/fapi/frontend/message/count
[-] 已识别过URL，不进行重复识别： https://www.freebuf.com:443/fapi/frontend/home/activity
[-] 已识别过URL，不进行重复识别： https://hm.baidu.com:443/hm.gif?hca=4A426BB602FABC78&cc=1&ck=1&cl=24-bit&ds=1920x1080&vl=891&ep=7123%2C1&et=10&ja=0&ln=zh-cn&lo=0&lt=1713316940&rnd=1689492147&si=6bcd52f51e9b3dce32bec4a3997715ac&v=1.3.0&lv=2&sn=55288&r=0&ww=1443&p=islogin*1*1!isonline*1*1!isvip*0*1!uid_*weixin_40576010*1!view_h_*891&u=https%3A%2F%2Fwenku.csdn.net%2Fanswer%2F3hk0atht96
[-] 已识别过URL，不进行重复识别： https://www.freebuf.com:443/images/logoMax.png
[-] 已识别过URL，不进行重复识别： https://www.freebuf.com:443/fapi/frontend/article/detail?id=398176
[-] 已识别过URL，不进行重复识别： https://gapi.freebuf.com:443/socket.io/?EIO=3&transport=polling&t=OxklD4R&sid=ed77b5f6ba5e828b.6x2t
[-] 已识别过URL，不进行重复识别： https://www.freebuf.com:443/images/attention_none.png
[-] 已识别过URL，不进行重复识别： https://hm.baidu.com:443/hm.gif?hca=4A426BB602FABC78&cc=1&ck=1&cl=24-bit&ds=1920x1080&vl=891&ep=6786%2C33&et=10&ja=0&ln=zh-cn&lo=0&lt=1713316940&rnd=622355545&si=6bcd52f51e9b3dce32bec4a3997715ac&v=1.3.0&lv=2&sn=55289&r=0&ww=1443&p=islogin*1*1!isonline*1*1!isvip*0*1!uid_*weixin_40576010*1!view_h_*891&u=https%3A%2F%2Fmp.csdn.net%2Fmp_blog%2Fcreation%2Fsuccess%2F137856126
[-] 已识别过URL，不进行重复识别： https://gapi.freebuf.com:443/socket.io/?EIO=3&transport=polling&t=OxklD8s&sid=ed77b5f6ba5e828b.6x2t
[-] 已识别过URL，不进行重复识别： https://hm.baidu.com:443/hm.gif?hca=4A426BB602FABC78&cc=1&ck=1&cl=24-bit&ds=1920x1080&vl=891&ep=10123%2C1&et=10&ja=0&ln=zh-cn&lo=0&lt=1713316940&rnd=1220248398&si=6bcd52f51e9b3dce32bec4a3997715ac&v=1.3.0&lv=2&sn=55288&r=0&ww=1443&p=islogin*1*1!isonline*1*1!isvip*0*1!uid_*weixin_40576010*1!view_h_*891&u=https%3A%2F%2Fwenku.csdn.net%2Fanswer%2F3hk0atht96
[+]静态文件，不进行url识别：https://www.16pic.com
[-] 已识别过URL，不进行重复识别： https://www.freebuf.com:443/favicon.ico
[-] 已识别过URL，不进行重复识别： https://my.freebuf.com:443/remind/job/?method=get
[-] 已识别过URL，不进行重复识别： https://hm.baidu.com:443/hm.gif?hca=4A426BB602FABC78&cc=1&ck=1&cl=24-bit&ds=1920x1080&vl=891&ep=9789%2C33&et=10&ja=0&ln=zh-cn&lo=0&lt=1713316940&rnd=1761803724&si=6bcd52f51e9b3dce32bec4a3997715ac&v=1.3.0&lv=2&sn=55289&r=0&ww=1443&p=islogin*1*1!isonline*1*1!isvip*0*1!uid_*weixin_40576010*1!view_h_*891&u=https%3A%2F%2Fmp.csdn.net%2Fmp_blog%2Fcreation%2Fsuccess%2F137856126
[+]静态文件，不进行url识别：https://image.16pic.com
[-] 已识别过URL，不进行重复识别： https://image.16pic.com:443/00/60/87/16pic_6087116_s.jpg
[-] 已识别过URL，不进行重复识别： https://image.16pic.com:443/00/24/68/16pic_2468314_s.jpg
[-] 已识别过URL，不进行重复识别： https://image.16pic.com:443/00/25/21/16pic_2521344_s.jpg
[-] 已识别过URL，不进行重复识别： https://image.16pic.com:443/00/24/68/16pic_2468315_s.jpg
[-] 已识别过URL，不进行重复识别： https://image.16pic.com:443/00/24/27/16pic_2427545_s.jpg
[-] 已识别过URL，不进行重复识别： https://image.16pic.com:443/00/61/10/16pic_6110746_s.jpg
[-] 已识别过URL，不进行重复识别： https://image.16pic.com:443/00/24/68/16pic_2468294_s.jpg
[-] 已识别过URL，不进行重复识别： https://image.16pic.com:443/00/88/87/16pic_8887847_s.jpg
[-] 已识别过URL，不进行重复识别： https://hm.baidu.com:443/hm.gif?hca=4A426BB602FABC78&cc=1&ck=1&cl=24-bit&ds=1920x1080&vl=891&ep=43417%2C500&et=3&ja=0&ln=zh-cn&lo=0&lt=1713252033&rnd=711813671&si=c6a521653efa047a03ec141d75e914ca&v=1.3.0&lv=2&sn=55256&r=0&ww=1443&u=https%3A%2F%2Fwww.16pic.com%2Fsucai%2F609113.html
[-] 已识别过URL，不进行重复识别： https://image.16pic.com:443/00/24/68/16pic_2468297_s.jpg
[-] 已识别过URL，不进行重复识别： https://image.16pic.com:443/00/24/68/16pic_2468295_s.jpg
[-] 已识别过URL，不进行重复识别： https://image.16pic.com:443/00/88/90/16pic_8890190_s.jpg
[-] 已识别过URL，不进行重复识别： https://image.16pic.com:443/00/89/15/16pic_8915656_s.jpg
[-] 已识别过URL，不进行重复识别： https://image.16pic.com:443/00/89/10/16pic_8910800_s.jpg
[-] 已识别过URL，不进行重复识别： https://image.16pic.com:443/00/88/87/16pic_8887782_s.jpg
[-] 已识别过URL，不进行重复识别： https://image.16pic.com:443/00/89/60/16pic_8960053_s.jpg
[-] 已识别过URL，不进行重复识别： https://image.16pic.com:443/00/90/41/16pic_9041255_s.jpg
[-] 已识别过URL，不进行重复识别： http://wowops.com:80/plus/count2.php?view=yes&aid=12494&mid=11
[-] 已识别过URL，不进行重复识别： https://image.16pic.com:443/00/89/76/16pic_8976025_s.jpg
[-] 已识别过URL，不进行重复识别： https://image.16pic.com:443/00/89/52/16pic_8952489_s.jpg
[-] 已识别过URL，不进行重复识别： https://image.16pic.com:443/00/90/69/16pic_9069917_s.jpg
[-] 已识别过URL，不进行重复识别： https://image.16pic.com:443/00/50/66/16pic_5066866_s.jpg
[-] 已识别过URL，不进行重复识别： https://image.16pic.com:443/00/50/66/16pic_5066865_s.jpg
[-] 已识别过URL，不进行重复识别： https://image.16pic.com:443/00/88/33/16pic_8833686_s.jpg
[-] 已识别过URL，不进行重复识别： http://wowops.com:80/plus/count2.php?view=yes&aid=12583&mid=11
[-] 已识别过URL，不进行重复识别： https://image.16pic.com:443/00/89/31/16pic_8931387_s.jpg
[-] 已识别过URL，不进行重复识别： https://image.16pic.com:443/00/89/52/16pic_8952498_s.jpg
[-] 已识别过URL，不进行重复识别： http://wowops.com:80/plus/count2.php?view=yes&aid=12497&mid=11
[-] 已识别过URL，不进行重复识别： http://wowops.com:80/plus/count2.php?view=yes&aid=12598&mid=11
[-] 已识别过URL，不进行重复识别： http://wowops.com:80/plus/count2.php?view=yes&aid=12593&mid=11
[-] 已识别过URL，不进行重复识别： https://image.16pic.com:443/00/89/31/16pic_8931093_s.jpg
[-] 已识别过URL，不进行重复识别： http://wowops.com:80/member/ajax_loginsta.php
[-] 已识别过URL，不进行重复识别： https://image.16pic.com:443/00/89/22/16pic_8922946_s.jpg
[-] 已识别过URL，不进行重复识别： https://image.16pic.com:443/00/85/81/16pic_8581167_s.jpg
[-] 已识别过URL，不进行重复识别： https://hm.baidu.com:443/hm.gif?hca=4A426BB602FABC78&cc=1&ck=1&cl=24-bit&ds=1920x1080&vl=891&ep=39083%2C674&et=3&ja=0&ln=zh-cn&lo=0&lt=1713252027&rnd=1249323100&si=6d50d8abf3a1d553136a136e54d36684&v=1.3.0&lv=2&sn=55260&r=0&ww=1443&u=http%3A%2F%2Fwowops.com%2Fdesign%2Ficon%2F
[-] 已识别过URL，不进行重复识别： http://wowops.com:80/plus/count2.php?view=yes&aid=15813&mid=1
[-] 已识别过URL，不进行重复识别： http://wowops.com:80/plus/count2.php?view=yes&aid=15527&mid=1
[-] 已识别过URL，不进行重复识别： http://wowops.com:80/plus/count2.php?view=yes&aid=15793&mid=1
[-] 已识别过URL，不进行重复识别： http://wowops.com:80/plus/count2.php?view=yes&aid=15678&mid=1
[-] 已识别过URL，不进行重复识别： http://wowops.com:80/plus/count2.php?view=yes&aid=15407&mid=1
[-] 已识别过URL，不进行重复识别： http://wowops.com:80/plus/count2.php?view=yes&aid=15340&mid=1
[+]静态文件，不进行url识别：https://sp0.baidu.com
[-] 已识别过URL，不进行重复识别： https://my.freebuf.com:443/post/getArticle
[-] 已识别过URL，不进行重复识别： https://hm.baidu.com:443/hm.js?c6a521653efa047a03ec141d75e914ca
[-] 已识别过URL，不进行重复识别： http://wowops.com:80/plus/count2.php?view=yes&aid=15316&mid=1
[-] 已识别过URL，不进行重复识别： https://hm.baidu.com:443/hm.gif?cc=1&ck=1&cl=24-bit&ds=1920x1080&vl=891&et=0&ja=0&ln=zh-cn&lo=0&lt=1713252033&rnd=599166492&si=c6a521653efa047a03ec141d75e914ca&v=1.3.0&lv=2&sn=55301&r=0&ww=1443&u=https%3A%2F%2Fwww.16pic.com%2Fsucai%2F609113.html&tt=%E5%9B%BE%E6%A0%87icon%E5%9B%BE%E7%89%87_%E5%9B%BE%E6%A0%87icon%E7%B4%A0%E6%9D%90_%E5%9B%BE%E6%A0%87icon%E6%A8%A1%E6%9D%BF%E5%85%8D%E8%B4%B9%E4%B8%8B%E8%BD%BD-%E5%85%AD%E5%9B%BE%E7%BD%91
[-] 已识别过URL，不进行重复识别： https://hm.baidu.com:443/hm.gif?hca=4A426BB602FABC78&cc=1&ck=1&cl=24-bit&ds=1920x1080&vl=891&ep=43417%2C500&et=3&ja=0&ln=zh-cn&lo=0&lt=1713252033&rnd=711813671&si=c6a521653efa047a03ec141d75e914ca&v=1.3.0&lv=2&sn=55256&r=0&ww=1443&u=https%3A%2F%2Fwww.16pic.com%2Fsucai%2F609113.html
[-] 已识别过URL，不进行重复识别： http://wowops.com:80/plus/count2.php?view=yes&aid=15290&mid=1
[-] 已识别过URL，不进行重复识别： http://wowops.com:80/plus/count2.php?view=yes&aid=15043&mid=1
[-] 已识别过URL，不进行重复识别： https://www.16pic.com:443/favicon.ico
[-] 已识别过URL，不进行重复识别： http://wowops.com:80/plus/count2.php?view=yes&aid=14903&mid=1
[-] 已识别过URL，不进行重复识别： https://hm.baidu.com:443/hm.js?6d50d8abf3a1d553136a136e54d36684
[-] 已识别过URL，不进行重复识别： https://hm.baidu.com:443/hm.gif?cc=1&ck=1&cl=24-bit&ds=1920x1080&vl=891&et=0&ja=0&ln=zh-cn&lo=0&lt=1713252027&rnd=39916545&si=6d50d8abf3a1d553136a136e54d36684&v=1.3.0&lv=2&sn=55301&r=0&ww=1443&u=http%3A%2F%2Fwowops.com%2Fdesign%2Ficon%2F&tt=%E5%9B%BE%E6%A0%87%2Cicon%E5%9B%BE%E6%A0%87%2Cicon%E5%9B%BE%E6%A0%87%E5%85%8D%E8%B4%B9%E4%B8%8B%E8%BD%BD-%E7%AA%9D%E7%AA%9D%E7%B4%A0%E6%9D%90%E7%AB%99
[-] 已识别过URL，不进行重复识别： https://hm.baidu.com:443/hm.gif?hca=4A426BB602FABC78&cc=1&ck=1&cl=24-bit&ds=1920x1080&vl=891&ep=39083%2C674&et=3&ja=0&ln=zh-cn&lo=0&lt=1713252027&rnd=1249323100&si=6d50d8abf3a1d553136a136e54d36684&v=1.3.0&lv=2&sn=55260&r=0&ww=1443&u=http%3A%2F%2Fwowops.com%2Fdesign%2Ficon%2F
[+]静态文件，不进行url识别：http://api.share.baidu.com
[-] 已识别过URL，不进行重复识别： https://hm.baidu.com:443/hm.gif?hca=4A426BB602FABC78&cc=1&ck=1&cl=24-bit&ds=1920x1080&vl=891&ep=13134%2C1&et=10&ja=0&ln=zh-cn&lo=0&lt=1713316940&rnd=283411751&si=6bcd52f51e9b3dce32bec4a3997715ac&v=1.3.0&lv=2&sn=55288&r=0&ww=1443&p=islogin*1*1!isonline*1*1!isvip*0*1!uid_*weixin_40576010*1!view_h_*891&u=https%3A%2F%2Fwenku.csdn.net%2Fanswer%2F3hk0atht96
[-] 已识别过URL，不进行重复识别： https://my.freebuf.com:443/qrcode?url=https://www.freebuf.com/write/237561.html
[-] 已识别过URL，不进行重复识别： https://my.freebuf.com:443/qrcode?url=https://www.freebuf.com/write/398176.html
[-] 已识别过URL，不进行重复识别： http://wowops.com:80/ssz/images/logo.png
[-] 已识别过URL，不进行重复识别： https://hm.baidu.com:443/hm.gif?hca=4A426BB602FABC78&cc=1&ck=1&cl=24-bit&ds=1920x1080&vl=891&ep=13790%2C33&et=10&ja=0&ln=zh-cn&lo=0&lt=1713316940&rnd=1714341892&si=6bcd52f51e9b3dce32bec4a3997715ac&v=1.3.0&lv=2&sn=55289&r=0&ww=1443&p=islogin*1*1!isonline*1*1!isvip*0*1!uid_*weixin_40576010*1!view_h_*891&u=https%3A%2F%2Fmp.csdn.net%2Fmp_blog%2Fcreation%2Fsuccess%2F137856126
[-] 已识别过URL，不进行重复识别： https://gapi.freebuf.com:443/socket.io/?EIO=3&transport=polling&t=OxklExS
[-] 已识别过URL，不进行重复识别： https://gapi.freebuf.com:443/socket.io/?EIO=3&transport=polling&t=OxklFts&sid=ed77b5f6ba5e828b.6x4f
[-] 已识别过URL，不进行重复识别： https://gapi.freebuf.com:443/socket.io/?EIO=3&transport=websocket&sid=ed77b5f6ba5e828b.6x4f
[-] 已识别过URL，不进行重复识别： https://gapi.freebuf.com:443/socket.io/?EIO=3&transport=polling&t=OxklFtr&sid=ed77b5f6ba5e828b.6x4f
[-] 已识别过URL，不进行重复识别： https://gapi.freebuf.com:443/socket.io/?EIO=3&transport=polling&t=OxklFyy&sid=ed77b5f6ba5e828b.6x4f
[-] 已识别过URL，不进行重复识别： https://hm.baidu.com:443/hm.gif?hca=4A426BB602FABC78&cc=1&ck=1&cl=24-bit&ds=1920x1080&vl=891&ep=29122%2C1&et=10&ja=0&ln=zh-cn&lo=0&lt=1713316940&rnd=1595813457&si=6bcd52f51e9b3dce32bec4a3997715ac&v=1.3.0&lv=2&sn=55288&r=0&ww=1443&p=islogin*1*1!isonline*1*1!isvip*0*1!uid_*weixin_40576010*1!view_h_*891&u=https%3A%2F%2Fwenku.csdn.net%2Fanswer%2F3hk0atht96
[-] 已识别过URL，不进行重复识别： https://bizapi.csdn.net:443/im-manage/v1.0/dispatch/do
[-] 已识别过URL，不进行重复识别： https://wkbrs1.tingyun.com:443/action?url=https%3A%2F%2Fwenku.csdn.net%2Fanswer%2F3hk0atht96&pvid=0ff65310d65d440ca1a9653c80233a63&ref=https%3A%2F%2Fwenku.csdn.net%2Fanswer%2F3hk0atht96&referrer=&v=3.3.1-saas.2&av=3.3.1-saas.2&did=10_30739465070-1713316906750-596017&uid=weixin_40576010&sid=73d5ca8047ed47a78113eeea8a8ff1aa&__s=1713401886830&id=oxCR3HG3rnM&key=jcyC7WVM7Ho&token=8399f6662a2747fc872cacd390930886&sh=1080&sw=1920&ps=0&__r=1713402358665
[-] 已识别过URL，不进行重复识别： https://hm.baidu.com:443/hm.gif?hca=4A426BB602FABC78&cc=1&ck=1&cl=24-bit&ds=1920x1080&vl=891&ep=29784%2C33&et=10&ja=0&ln=zh-cn&lo=0&lt=1713316940&rnd=533232622&si=6bcd52f51e9b3dce32bec4a3997715ac&v=1.3.0&lv=2&sn=55289&r=0&ww=1443&p=islogin*1*1!isonline*1*1!isvip*0*1!uid_*weixin_40576010*1!view_h_*891&u=https%3A%2F%2Fmp.csdn.net%2Fmp_blog%2Fcreation%2Fsuccess%2F137856126
[-] 已识别过URL，不进行重复识别： https://bizapi.csdn.net:443/im-manage/v1.0/dispatch/do
[-] 已识别过URL，不进行重复识别： https://arms-retcode.aliyuncs.com:443/r.png?t=api&times=1&page=%5Bindex%5D&release=v1.15.3&environment=prod&begin=1713402360121&api=bizapi.csdn.net%2Fim-manage%2Fv1.0%2Fdispatch%2Fdo&success=1&time=55&code=403&msg=&traceId=&pv_id=2jlRLvgk4kCjqbi3Ca9ady7z7CqF&domain=mp.csdn.net&flag=1&sr=1920x1080&vp=1443x891&ct=4g&uid=10_30739465070-1713316906750-596017&sid=qFlw2vag38w46mu7gcnnr3q3yqRC&pid=dyiaei5ihw%406ac55c45dd489f7&_v=1.8.36-beta.1&username=weixin_40576010&sampling=2&dl=https%3A%2F%2Fmp.csdn.net%2Fmp_blog%2Fcreation%2Fsuccess%2F137856126&z=lv4jiaeu&post_res=
